[0m10:49:58.499259 [debug] [MainThread]: Sending event: {'category': 'dbt', 'action': 'invocation', 'label': 'start', 'context': [<snowplow_tracker.self_describing_json.SelfDescribingJson object at 0x000001DB10179050>, <snowplow_tracker.self_describing_json.SelfDescribingJson object at 0x000001DB0C506E10>, <snowplow_tracker.self_describing_json.SelfDescribingJson object at 0x000001DB101D0850>]}


============================== 10:49:58.507979 | eae648d3-7851-4424-a19d-4e80369a4d58 ==============================
[0m10:49:58.507979 [info ] [MainThread]: Running with dbt=1.10.8
[0m10:49:58.510032 [debug] [MainThread]: running dbt with arguments {'printer_width': '80', 'indirect_selection': 'eager', 'write_json': 'True', 'log_cache_events': 'False', 'partial_parse': 'True', 'cache_selected_only': 'False', 'warn_error': 'None', 'debug': 'False', 'version_check': 'True', 'log_path': 'logs', 'profiles_dir': 'C:\\Users\\AhmedAlAfifi\\.dbt', 'fail_fast': 'False', 'use_colors': 'True', 'use_experimental_parser': 'False', 'no_print': 'None', 'quiet': 'False', 'empty': 'None', 'log_format': 'default', 'static_parser': 'True', 'introspect': 'True', 'warn_error_options': 'WarnErrorOptionsV2(error=[], warn=[], silence=[])', 'target_path': 'None', 'invocation_command': 'dbt init', 'send_anonymous_usage_stats': 'True'}
[0m10:51:06.619576 [debug] [MainThread]: Starter project path: C:\Users\AhmedAlAfifi\OneDrive - Rihal\Desktop\MDO\dbt\.venv\Lib\site-packages\dbt\include\starter_project
[0m10:51:06.722083 [info ] [MainThread]: 
Your new dbt project "dbt_learning" was created!

For more information on how to configure the profiles.yml file,
please consult the dbt documentation here:

  https://docs.getdbt.com/docs/configure-your-profile

One more thing:

Need help? Don't hesitate to reach out to us via GitHub issues or on Slack:

  https://community.getdbt.com/

Happy modeling!

[0m10:51:06.723560 [info ] [MainThread]: Setting up your profile.
[0m10:51:41.818503 [info ] [MainThread]: Profile dbt_learning written to C:\Users\AhmedAlAfifi\.dbt\profiles.yml using target's profile_template.yml and your supplied values. Run 'dbt debug' to validate the connection.
[0m10:51:41.820844 [debug] [MainThread]: Command `dbt init` succeeded at 10:51:41.820844 after 103.44 seconds
[0m10:51:41.822118 [debug] [MainThread]: Sending event: {'category': 'dbt', 'action': 'invocation', 'label': 'end', 'context': [<snowplow_tracker.self_describing_json.SelfDescribingJson object at 0x000001DB0A034950>, <snowplow_tracker.self_describing_json.SelfDescribingJson object at 0x000001DB0A181C10>, <snowplow_tracker.self_describing_json.SelfDescribingJson object at 0x000001DB0A202A90>]}
[0m10:51:41.823116 [debug] [MainThread]: Flushing usage events
[0m10:51:42.972540 [debug] [MainThread]: An error was encountered while trying to flush usage events
[0m12:29:14.937066 [debug] [MainThread]: Sending event: {'category': 'dbt', 'action': 'invocation', 'label': 'start', 'context': [<snowplow_tracker.self_describing_json.SelfDescribingJson object at 0x00000212C7D3A0A0>, <snowplow_tracker.self_describing_json.SelfDescribingJson object at 0x00000212CA5D2D60>, <snowplow_tracker.self_describing_json.SelfDescribingJson object at 0x00000212CA5D2C10>]}


============================== 12:29:14.937066 | bce87660-d2e8-4af5-aee5-89434af49167 ==============================
[0m12:29:14.937066 [info ] [MainThread]: Running with dbt=1.7.8
[0m12:29:14.937066 [debug] [MainThread]: running dbt with arguments {'printer_width': '80', 'indirect_selection': 'eager', 'write_json': 'True', 'log_cache_events': 'False', 'partial_parse': 'True', 'cache_selected_only': 'False', 'profiles_dir': '.', 'fail_fast': 'False', 'warn_error': 'None', 'log_path': 'logs', 'version_check': 'True', 'debug': 'False', 'use_colors': 'True', 'use_experimental_parser': 'False', 'no_print': 'None', 'quiet': 'False', 'warn_error_options': 'WarnErrorOptions(include=[], exclude=[])', 'static_parser': 'True', 'introspect': 'True', 'log_format': 'default', 'target_path': 'None', 'invocation_command': 'dbt run --select fct_order_details --full-refresh --profiles-dir .', 'send_anonymous_usage_stats': 'True'}
[0m12:29:14.937066 [error] [MainThread]: Encountered an error:
Runtime Error
  No dbt_project.yml found at expected path C:\Users\HaneenAlMahrooqi\dataops-labs\dbt_project.yml
  Verify that each entry within packages.yml (and their transitive dependencies) contains a file named dbt_project.yml
  
[0m12:29:14.937066 [debug] [MainThread]: Command `dbt run` failed at 12:29:14.937066 after 0.01 seconds
[0m12:29:14.950573 [debug] [MainThread]: Sending event: {'category': 'dbt', 'action': 'invocation', 'label': 'end', 'context': [<snowplow_tracker.self_describing_json.SelfDescribingJson object at 0x00000212C7D3A0A0>, <snowplow_tracker.self_describing_json.SelfDescribingJson object at 0x00000212CA5D2CD0>, <snowplow_tracker.self_describing_json.SelfDescribingJson object at 0x00000212CA5D2D90>]}
[0m12:29:14.950573 [debug] [MainThread]: Flushing usage events
[0m12:29:16.186022 [debug] [MainThread]: Error sending anonymous usage statistics. Disabling tracking for this execution. If you wish to permanently disable tracking, see: https://docs.getdbt.com/reference/global-configs#send-anonymous-usage-stats.
[0m13:40:37.487114 [debug] [MainThread]: Sending event: {'category': 'dbt', 'action': 'invocation', 'label': 'start', 'context': [<snowplow_tracker.self_describing_json.SelfDescribingJson object at 0x000001F936706B50>, <snowplow_tracker.self_describing_json.SelfDescribingJson object at 0x000001F938FA2D60>, <snowplow_tracker.self_describing_json.SelfDescribingJson object at 0x000001F938FA2C40>]}


============================== 13:40:37.487114 | 76996fb8-1d76-4b0e-8d17-540a9b8fed08 ==============================
[0m13:40:37.487114 [info ] [MainThread]: Running with dbt=1.7.8
[0m13:40:37.487114 [debug] [MainThread]: running dbt with arguments {'printer_width': '80', 'indirect_selection': 'eager', 'log_cache_events': 'False', 'write_json': 'True', 'partial_parse': 'True', 'cache_selected_only': 'False', 'warn_error': 'None', 'fail_fast': 'False', 'profiles_dir': '.', 'log_path': 'logs', 'debug': 'False', 'version_check': 'True', 'use_colors': 'True', 'use_experimental_parser': 'False', 'no_print': 'None', 'quiet': 'False', 'warn_error_options': 'WarnErrorOptions(include=[], exclude=[])', 'static_parser': 'True', 'log_format': 'default', 'introspect': 'True', 'target_path': 'None', 'invocation_command': 'dbt test --profiles-dir .', 'send_anonymous_usage_stats': 'True'}
[0m13:40:37.487114 [error] [MainThread]: Encountered an error:
Runtime Error
  No dbt_project.yml found at expected path C:\Users\HaneenAlMahrooqi\dataops-labs\dbt_project.yml
  Verify that each entry within packages.yml (and their transitive dependencies) contains a file named dbt_project.yml
  
[0m13:40:37.487114 [debug] [MainThread]: Command `dbt test` failed at 13:40:37.487114 after 0.01 seconds
[0m13:40:37.487114 [debug] [MainThread]: Sending event: {'category': 'dbt', 'action': 'invocation', 'label': 'end', 'context': [<snowplow_tracker.self_describing_json.SelfDescribingJson object at 0x000001F936706B50>, <snowplow_tracker.self_describing_json.SelfDescribingJson object at 0x000001F938FB4A00>, <snowplow_tracker.self_describing_json.SelfDescribingJson object at 0x000001F938FB47C0>]}
[0m13:40:37.487114 [debug] [MainThread]: Flushing usage events
[0m16:12:10.423328 [debug] [MainThread]: Sending event: {'category': 'dbt', 'action': 'invocation', 'label': 'start', 'context': [<snowplow_tracker.self_describing_json.SelfDescribingJson object at 0x000002BF0ECB9250>, <snowplow_tracker.self_describing_json.SelfDescribingJson object at 0x000002BF11552DF0>, <snowplow_tracker.self_describing_json.SelfDescribingJson object at 0x000002BF11552CD0>]}


============================== 16:12:10.423328 | 9bfc178b-d0bc-4b01-b809-cc7fdf93998a ==============================
[0m16:12:10.423328 [info ] [MainThread]: Running with dbt=1.7.8
[0m16:12:10.423328 [debug] [MainThread]: running dbt with arguments {'printer_width': '80', 'indirect_selection': 'eager', 'write_json': 'True', 'log_cache_events': 'False', 'partial_parse': 'True', 'cache_selected_only': 'False', 'profiles_dir': '.', 'fail_fast': 'False', 'version_check': 'True', 'log_path': 'logs', 'debug': 'False', 'warn_error': 'None', 'use_colors': 'True', 'use_experimental_parser': 'False', 'no_print': 'None', 'quiet': 'False', 'warn_error_options': 'WarnErrorOptions(include=[], exclude=[])', 'invocation_command': 'dbt compile --select fct_monthly_revenue --profiles-dir .', 'log_format': 'default', 'introspect': 'True', 'target_path': 'None', 'static_parser': 'True', 'send_anonymous_usage_stats': 'True'}
[0m16:12:10.423328 [error] [MainThread]: Encountered an error:
Runtime Error
  No dbt_project.yml found at expected path C:\Users\HaneenAlMahrooqi\dataops-labs\dbt_project.yml
  Verify that each entry within packages.yml (and their transitive dependencies) contains a file named dbt_project.yml
  
[0m16:12:10.438337 [debug] [MainThread]: Command `dbt compile` failed at 16:12:10.438337 after 0.01 seconds
[0m16:12:10.438337 [debug] [MainThread]: Sending event: {'category': 'dbt', 'action': 'invocation', 'label': 'end', 'context': [<snowplow_tracker.self_describing_json.SelfDescribingJson object at 0x000002BF0ECB9250>, <snowplow_tracker.self_describing_json.SelfDescribingJson object at 0x000002BF11552D60>, <snowplow_tracker.self_describing_json.SelfDescribingJson object at 0x000002BF11552E20>]}
[0m16:12:10.438337 [debug] [MainThread]: Flushing usage events
